Arguments: 
  /home/lolimay/.nvm/versions/node/v12.6.0/bin/node /home/lolimay/.config/yarn/global/node_modules/.bin/yarn add @babel-core/register

PATH: 
  /home/lolimay/Android/Sdk/platform-tools:/home/lolimay/.local/bin:/home/lolimay/opt:/home/lolimay/.config/yarn/global/node_modules/.bin:/home/lolimay/opt/BaiduPCS-Go:/media/lolimay/Code/Shell:/media/lolimay/Code/Deepin/BaiduPCS:/home/lolimay/.nvm/versions/node/v12.6.0/bin:/home/lolimay/.local/bin:/home/lolimay/bin:/usr/local/bin:/usr/bin:/bin:/usr/local/games:/usr/games:/sbin:/usr/sbin:/snap/bin

Yarn version: 
  1.16.0

Node version: 
  12.6.0

Platform: 
  linux x64

Trace: 
  Error: https://registry.npm.taobao.org/@babel-core%2fregister: Not found
      at Request.params.callback [as _callback] (/home/lolimay/.config/yarn/global/node_modules/yarn/lib/cli.js:66091:18)
      at Request.self.callback (/home/lolimay/.config/yarn/global/node_modules/yarn/lib/cli.js:129590:22)
      at Request.emit (events.js:203:13)
      at Request.<anonymous> (/home/lolimay/.config/yarn/global/node_modules/yarn/lib/cli.js:130562:10)
      at Request.emit (events.js:203:13)
      at IncomingMessage.<anonymous> (/home/lolimay/.config/yarn/global/node_modules/yarn/lib/cli.js:130484:12)
      at Object.onceWrapper (events.js:291:20)
      at IncomingMessage.emit (events.js:208:15)
      at endReadableNT (_stream_readable.js:1154:12)
      at processTicksAndRejections (internal/process/task_queues.js:77:11)

npm manifest: 
  No manifest

yarn manifest: 
  No manifest

Lockfile: 
  # THIS IS AN AUTOGENERATED FILE. DO NOT EDIT THIS FILE DIRECTLY.
  # yarn lockfile v1
